<?xml version="1.0" encoding="UTF-8"?>
<!-- Generated by org.testng.reporters.JUnitReportReporter -->
<testsuite skipped="0" hostname="DESKTOP-FMGC15H" name="com.git.tests.TestPage" tests="1" failures="0" timestamp="06 Mar 2019 01:09:30 GMT" time="20.631" errors="0">
  <testcase name="testpage" time="20.631" classname="com.git.tests.TestPage"/>
</testsuite> <!-- com.git.tests.TestPage -->
